  dh.cpp
  dh2.cpp
  donna_32.cpp
  donna_64.cpp
  donna_sse.cpp
  dsa.cpp
  eax.cpp
  ec2n.cpp
  ecp.cpp
  elgamal.cpp
  emsa2.cpp
  esign.cpp
  files.cpp
  filters.cpp
  fips140.cpp
  fipstest.cpp
  gcm.cpp
  gf2n.cpp
  gf2n_simd.cpp
  gfpcrypt.cpp
  Generating Code...
  Compiling...
  gost.cpp
  gzip.cpp
  hc128.cpp
  hc256.cpp
  hex.cpp
  hight.cpp
  hmac.cpp
  hrtimer.cpp
  ida.cpp
  idea.cpp
  kalyna.cpp
  kalynatab.cpp
  keccak.cpp
  keccak_core.cpp
  keccak_simd.cpp
  lea.cpp
  lea_simd.cpp
  lsh256.cpp
  lsh256_avx.cpp
  lsh256_sse.cpp
  Generating Code...
  Compiling...
  lsh512.cpp
  lsh512_avx.cpp
  lsh512_sse.cpp
  luc.cpp
  mars.cpp
  marss.cpp
  md2.cpp
  md4.cpp
  md5.cpp
  misc.cpp
  modes.cpp
  mqueue.cpp
  mqv.cpp
  nbtheory.cpp
  oaep.cpp
  osrng.cpp
  padlkrng.cpp
  panama.cpp
  pkcspad.cpp
  poly1305.cpp
  Generating Code...
  Compiling...
  polynomi.cpp
  primetab.cpp
  pssr.cpp
  pubkey.cpp
  queue.cpp
  rabbit.cpp
  rabin.cpp
  randpool.cpp
  rc2.cpp
  rc5.cpp
  rc6.cpp
  rdrand.cpp
  rdtables.cpp
  rijndael.cpp
  rijndael_simd.cpp
  ripemd.cpp
  rng.cpp
  rsa.cpp
  rw.cpp
  safer.cpp
  Generating Code...
  Compiling...
  salsa.cpp
  scrypt.cpp
  seal.cpp
  seed.cpp
  serpent.cpp
  sha.cpp
  sha3.cpp
  sha_simd.cpp
  shacal2.cpp
  shacal2_simd.cpp
  shake.cpp
  shark.cpp
  sharkbox.cpp
  simeck.cpp
  simon.cpp
  simon128_simd.cpp
  simple.cpp
  skipjack.cpp
  sm3.cpp
  sm4.cpp
  Generating Code...
  Compiling...
  sm4_simd.cpp
  sosemanuk.cpp
  speck.cpp
  speck128_simd.cpp
  square.cpp
  squaretb.cpp
  sse_simd.cpp
  strciphr.cpp
  tea.cpp
  tftables.cpp
  threefish.cpp
  tiger.cpp
  tigertab.cpp
  ttmac.cpp
  tweetnacl.cpp
  twofish.cpp
  vmac.cpp
  wake.cpp
  whrlpool.cpp
  xed25519.cpp
  Generating Code...
  Compiling...
  xtr.cpp
  xtrcrypt.cpp
  xts.cpp
  zdeflate.cpp
  zinflate.cpp
  zlib.cpp
  Generating Code...
  chacha_avx.cpp
  dll.cpp
  iterhash.cpp
  Generating Code...
  cryptlib.vcxproj -> C:\Users\games\Desktop\crypto\x64\Output\Release\cryptlib.lib
